2021-10-26 09:09:40,121 - Open Trade - {'symbol': 'ETHUSD', 'type': 'BUY', 'tradeDate': '10/26/2021', 'tradeTime': '09:09:40', 'status': 'OPEN', 'price': 4000, 'qty': 10}
2021-10-26 09:09:40,122 - Open Trade - {'symbol': 'CRVUSD', 'type': 'BUY', 'tradeDate': '10/26/2021', 'tradeTime': '09:09:40', 'status': 'OPEN', 'price': 150, 'qty': 10}
2021-10-26 09:09:40,122 - Open Trade - {'symbol': 'CRVUSD', 'type': 'BUY', 'tradeDate': '10/26/2021', 'tradeTime': '09:09:40', 'status': 'OPEN', 'price': 150, 'qty': 10}
2021-10-26 09:09:40,122 - Close Trade - {'symbol': 'CRVUSD', 'type': 'SELL', 'tradeDate': '10/26/2021', 'tradeTime': '09:09:40', 'status': 'CLOSED', 'price': 180, 'qty': 10}
2021-10-26 09:09:40,122 - Close Trade - {'symbol': 'CRVUSD', 'type': 'SELL', 'tradeDate': '10/26/2021', 'tradeTime': '09:09:40', 'status': 'CLOSED', 'price': 180, 'qty': 10}
2021-10-26 09:09:40,122 - Close Trade - {'symbol': 'CRVUSD', 'type': 'SELL', 'tradeDate': '10/26/2021', 'tradeTime': '09:09:40', 'status': 'CLOSED', 'price': 180, 'qty': 10}
2021-10-26 09:14:35,499 - Update Wallet Item - {'symbol': 'ETCUSD', 'price': 120, 'qty': -2, 'balance': 500}
2021-10-26 09:14:35,499 - Update Wallet Item - {'symbol': 'BNBUSD', 'price': 483.8602, 'qty': 2, 'balance': 483.8602}
2021-10-26 09:14:35,499 - Update Wallet Item - {'symbol': 'BNBUSD', 'price': 483.8602, 'qty': 2, 'balance': 483.8602}
Add2021-10-26 10:50:43,667 - Open Trade - {'symbol': 'AAVEUSD', 'price': 338.11, 'qty': 0.2957617343468102, 'status': 'OPEN', 'type': 'BUY', 'tradeDate': '10/26/2021', 'tradeTime': '10:50:43'}
2021-10-26 10:52:39,211 - Open Trade - {'symbol': 'AAVEUSD', 'price': 338.11, 'qty': 0.2957617343468102, 'status': 'OPEN', 'type': 'BUY', 'tradeDate': '10/26/2021', 'tradeTime': '10:52:39'}
2021-10-26 11:40:54,000 - Open Trade - {'symbol': 'AAVEUSD', 'price': 338.11, 'qty': 0.2957617343468102, 'status': 'OPEN', 'type': 'BUY', 'tradeDate': '10/26/2021', 'tradeTime': '11:40:53'}
2021-10-26 11:44:39,241 - Open Trade - {'symbol': 'AAVEUSD', 'price': 338.11, 'qty': 0.2957617343468102, 'status': 'OPEN', 'type': 'BUY', 'tradeDate': '10/26/2021', 'tradeTime': '11:44:39'}
2021-10-26 11:46:05,695 - Open Trade - {'symbol': 'AAVEUSD', 'price': 338.11, 'qty': 0.2957617343468102, 'status': 'OPEN', 'type': 'BUY', 'tradeDate': '10/26/2021', 'tradeTime': '11:46:05'}
2021-10-26 11:46:25,862 - Open Trade - {'symbol': 'AAVEUSD', 'price': 338.11, 'qty': 0.2957617343468102, 'status': 'OPEN', 'type': 'BUY', 'tradeDate': '10/26/2021', 'tradeTime': '11:46:25'}
2021-10-26 11:46:25,863 - Close Trade - {'symbol': 'AAVEUSD', 'price': 338.11, 'qty': 0.2957617343468102, 'status': 'CLOSED', 'type': 'SELL', 'tradeDate': '10/26/2021', 'tradeTime': '11:46:25'}
2021-10-26 11:46:25,863 - Close Trade - {'symbol': 'AAVEUSD', 'price': 338.11, 'qty': 0.2957617343468102, 'status': 'CLOSED', 'type': 'SELL', 'tradeDate': '10/26/2021', 'tradeTime': '11:46:25'}
2021-10-26 13:22:02,801 - Update Wallet Item - {'symbol': 'USD', 'price': 1, 'qty': -1000, 'balance': 500}
2021-10-26 13:22:02,802 - Update Wallet Item - {'symbol': 'BNBUSD', 'price': 483.8602, 'qty': 2, 'balance': 483.8602}
2021-10-26 13:22:02,802 - Update Wallet Item - {'symbol': 'BNBUSD', 'price': 483.8602, 'qty': 2, 'balance': 483.8602}
2021-10-26 14:13:01,908 - Open Trade - {'symbol': 'ETHUSD', 'type': 'BUY', 'tradeDate': '10/26/2021', 'tradeTime': '14:13:01', 'status': 'OPEN', 'price': 4000, 'qty': 10}
2021-10-26 14:15:44,201 - Open Trade - {'symbol': 'ETHUSD', 'type': 'BUY', 'tradeDate': '10/26/2021', 'tradeTime': '14:15:44', 'status': 'OPEN', 'price': 4000, 'qty': 10}
2021-10-26 14:16:34,591 - Open Trade - {'symbol': 'ETHUSD', 'type': 'BUY', 'tradeDate': '10/26/2021', 'tradeTime': '14:16:34', 'status': 'OPEN', 'price': 4000, 'qty': 10}
2021-10-26 14:16:34,928 - Update Wallet Item - {'symbol': 'ETHUSD', 'price': 4000, 'qty': 10, 'balance': 0}
2021-10-26 14:16:34,928 - Update Wallet Item - {'symbol': 'ETHUSD', 'price': 4000, 'qty': 10, 'balance': 0}
2021-10-26 14:17:32,655 - Open Trade - {'symbol': 'ETHUSD', 'type': 'BUY', 'tradeDate': '10/26/2021', 'tradeTime': '14:17:32', 'status': 'OPEN', 'price': 4000, 'qty': 10}
2021-10-26 14:17:33,055 - Update Wallet Item - {'symbol': 'ETHUSD', 'price': 4000, 'qty': 10, 'balance': 0}
2021-10-26 14:17:33,055 - Update Wallet Item - {'symbol': 'ETHUSD', 'price': 4000, 'qty': 10, 'balance': 0}
2021-10-26 14:17:33,055 - Update Wallet Item - {'symbol': 'USD', 'price': 1, 'qty': -40000, 'balance': 0}
2021-10-26 14:17:33,055 - Update Wallet Item - {'symbol': 'USD', 'price': 1, 'qty': -40000, 'balance': 0}
2021-10-26 14:17:33,055 - Update Wallet Item - {'symbol': 'USD', 'price': 1, 'qty': -40000, 'balance': 0}
2021-10-26 14:17:33,056 - Open Trade - {'symbol': 'CRVUSD', 'type': 'BUY', 'tradeDate': '10/26/2021', 'tradeTime': '14:17:33', 'status': 'OPEN', 'price': 150, 'qty': 10}
2021-10-26 14:17:33,056 - Open Trade - {'symbol': 'CRVUSD', 'type': 'BUY', 'tradeDate': '10/26/2021', 'tradeTime': '14:17:33', 'status': 'OPEN', 'price': 150, 'qty': 10}
2021-10-26 14:17:33,056 - Open Trade - {'symbol': 'CRVUSD', 'type': 'BUY', 'tradeDate': '10/26/2021', 'tradeTime': '14:17:33', 'status': 'OPEN', 'price': 150, 'qty': 10}
2021-10-26 14:17:33,056 - Open Trade - {'symbol': 'CRVUSD', 'type': 'BUY', 'tradeDate': '10/26/2021', 'tradeTime': '14:17:33', 'status': 'OPEN', 'price': 150, 'qty': 10}
2021-10-26 14:17:33,362 - Update Wallet Item - {'symbol': 'CRVUSD', 'price': 150, 'qty': 10, 'balance': 0}
2021-10-26 14:17:33,362 - Update Wallet Item - {'symbol': 'CRVUSD', 'price': 150, 'qty': 10, 'balance': 0}
2021-10-26 14:17:33,362 - Update Wallet Item - {'symbol': 'CRVUSD', 'price': 150, 'qty': 10, 'balance': 0}
2021-10-26 14:17:33,362 - Update Wallet Item - {'symbol': 'CRVUSD', 'price': 150, 'qty': 10, 'balance': 0}
2021-10-26 14:17:33,362 - Update Wallet Item - {'symbol': 'CRVUSD', 'price': 150, 'qty': 10, 'balance': 0}
2021-10-26 14:17:33,363 - Update Wallet Item - {'symbol': 'USD', 'price': 1, 'qty': -1500, 'balance': 0}
2021-10-26 14:17:33,363 - Update Wallet Item - {'symbol': 'USD', 'price': 1, 'qty': -1500, 'balance': 0}
2021-10-26 14:17:33,363 - Update Wallet Item - {'symbol': 'USD', 'price': 1, 'qty': -1500, 'balance': 0}
2021-10-26 14:17:33,363 - Update Wallet Item - {'symbol': 'USD', 'price': 1, 'qty': -1500, 'balance': 0}
2021-10-26 14:17:33,363 - Update Wallet Item - {'symbol': 'USD', 'price': 1, 'qty': -1500, 'balance': 0}
2021-10-26 14:17:33,363 - Update Wallet Item - {'symbol': 'USD', 'price': 1, 'qty': -1500, 'balance': 0}
2021-10-26 14:22:05,528 - Open Trade - {'symbol': 'CRVUSD', 'type': 'BUY', 'tradeDate': '10/26/2021', 'tradeTime': '14:22:05', 'status': 'OPEN', 'price': 4.35, 'qty': 10}
2021-10-26 14:22:05,908 - Update Wallet Item - {'symbol': 'CRVUSD', 'price': 4.35, 'qty': 10, 'balance': 0}
2021-10-26 14:22:05,908 - Update Wallet Item - {'symbol': 'CRVUSD', 'price': 4.35, 'qty': 10, 'balance': 0}
2021-10-26 14:22:05,909 - Update Wallet Item - {'symbol': 'USD', 'price': 1, 'qty': -43.5, 'balance': 0}
2021-10-26 14:22:05,909 - Update Wallet Item - {'symbol': 'USD', 'price': 1, 'qty': -43.5, 'balance': 0}
2021-10-26 14:22:05,909 - Update Wallet Item - {'symbol': 'USD', 'price': 1, 'qty': -43.5, 'balance': 0}
2021-10-26 14:23:38,999 - Update Wallet Item - {'symbol': 'CRVUSD', 'price': 4.85, 'qty': 0, 'balance': 0}
2021-10-26 14:23:39,000 - Update Wallet Item - {'symbol': 'USD', 'price': 1, 'qty': 48.5, 'balance': 0}
2021-10-26 14:23:39,000 - Update Wallet Item - {'symbol': 'USD', 'price': 1, 'qty': 48.5, 'balance': 0}
2021-10-26 14:23:39,000 - Close Trade - {'symbol': 'CRVUSD', 'type': 'SELL', 'tradeDate': '10/26/2021', 'tradeTime': '14:23:38', 'status': 'CLOSED', 'price': 4.85, 'qty': 10}
2021-10-26 14:23:39,000 - Close Trade - {'symbol': 'CRVUSD', 'type': 'SELL', 'tradeDate': '10/26/2021', 'tradeTime': '14:23:38', 'status': 'CLOSED', 'price': 4.85, 'qty': 10}
2021-10-26 14:23:39,000 - Close Trade - {'symbol': 'CRVUSD', 'type': 'SELL', 'tradeDate': '10/26/2021', 'tradeTime': '14:23:38', 'status': 'CLOSED', 'price': 4.85, 'qty': 10}
2021-10-26 14:29:03,684 - Open Trade - {'symbol': 'CRVUSD', 'type': 'BUY', 'tradeDate': '10/26/2021', 'tradeTime': '14:29:03', 'status': 'OPEN', 'price': 4.0, 'qty': 1000}
2021-10-26 14:29:04,059 - Update Wallet Item - {'symbol': 'CRVUSD', 'price': 4.0, 'qty': 1000, 'balance': 0}
2021-10-26 14:29:04,059 - Update Wallet Item - {'symbol': 'CRVUSD', 'price': 4.0, 'qty': 1000, 'balance': 0}
2021-10-26 14:29:04,060 - Update Wallet Item - {'symbol': 'USD', 'price': 1, 'qty': -4000.0, 'balance': 0}
2021-10-26 14:29:04,060 - Update Wallet Item - {'symbol': 'USD', 'price': 1, 'qty': -4000.0, 'balance': 0}
2021-10-26 14:29:04,060 - Update Wallet Item - {'symbol': 'USD', 'price': 1, 'qty': -4000.0, 'balance': 0}
2021-10-26 14:31:19,498 - Update Wallet Item - {'symbol': 'CRVUSD', 'price': 4.82, 'qty': 0, 'balance': 0}
2021-10-26 14:31:19,499 - Update Wallet Item - {'symbol': 'USD', 'price': 1, 'qty': 4820.0, 'balance': 0}
2021-10-26 14:31:19,499 - Update Wallet Item - {'symbol': 'USD', 'price': 1, 'qty': 4820.0, 'balance': 0}
2021-10-26 14:31:19,499 - Close Trade - {'symbol': 'CRVUSD', 'type': 'SELL', 'tradeDate': '10/26/2021', 'tradeTime': '14:31:18', 'status': 'CLOSED', 'price': 4.82, 'qty': 1000}
2021-10-26 14:31:19,499 - Close Trade - {'symbol': 'CRVUSD', 'type': 'SELL', 'tradeDate': '10/26/2021', 'tradeTime': '14:31:18', 'status': 'CLOSED', 'price': 4.82, 'qty': 1000}
2021-10-26 14:31:19,499 - Close Trade - {'symbol': 'CRVUSD', 'type': 'SELL', 'tradeDate': '10/26/2021', 'tradeTime': '14:31:18', 'status': 'CLOSED', 'price': 4.82, 'qty': 1000}
2021-10-26 14:37:55,540 - Open Trade - {'symbol': 'CRVUSD', 'type': 'BUY', 'tradeDate': '10/26/2021', 'tradeTime': '14:37:55', 'status': 'OPEN', 'price': 4.0, 'qty': 10}
2021-10-26 14:37:56,198 - Update Wallet Item - {'symbol': 'CRVUSD', 'price': 4.0, 'qty': 10, 'balance': 0}
2021-10-26 14:37:56,198 - Update Wallet Item - {'symbol': 'CRVUSD', 'price': 4.0, 'qty': 10, 'balance': 0}
2021-10-26 14:37:56,199 - Update Wallet Item - {'symbol': 'USD', 'price': 1, 'qty': -40.0, 'balance': 0}
2021-10-26 14:37:56,199 - Update Wallet Item - {'symbol': 'USD', 'price': 1, 'qty': -40.0, 'balance': 0}
2021-10-26 14:37:56,199 - Update Wallet Item - {'symbol': 'USD', 'price': 1, 'qty': -40.0, 'balance': 0}
2021-10-26 14:39:37,784 - Update Wallet Item - {'symbol': 'CRVUSD', 'price': 4.82, 'qty': -10, 'balance': 0}
2021-10-26 14:39:37,785 - Update Wallet Item - {'symbol': 'USD', 'price': 1, 'qty': 48.2, 'balance': 0}
2021-10-26 14:39:37,785 - Update Wallet Item - {'symbol': 'USD', 'price': 1, 'qty': 48.2, 'balance': 0}
2021-10-26 14:39:37,786 - Close Trade - {'symbol': 'CRVUSD', 'type': 'SELL', 'tradeDate': '10/26/2021', 'tradeTime': '14:39:35', 'status': 'CLOSED', 'price': 4.82, 'qty': 10}
2021-10-26 14:39:37,786 - Close Trade - {'symbol': 'CRVUSD', 'type': 'SELL', 'tradeDate': '10/26/2021', 'tradeTime': '14:39:35', 'status': 'CLOSED', 'price': 4.82, 'qty': 10}
2021-10-26 14:39:37,786 - Close Trade - {'symbol': 'CRVUSD', 'type': 'SELL', 'tradeDate': '10/26/2021', 'tradeTime': '14:39:35', 'status': 'CLOSED', 'price': 4.82, 'qty': 10}
